{"name":"hexo","hostname":"DESKTOP-JNOR3KN","pid":840,"level":20,"msg":"Hexo version: 3.2.2","time":"2017-04-04T06:50:19.155Z","v":0}
{"name":"hexo","hostname":"DESKTOP-JNOR3KN","pid":840,"level":20,"msg":"Working directory: D:\\workspace\\hexo\\","time":"2017-04-04T06:50:19.159Z","v":0}
{"name":"hexo","hostname":"DESKTOP-JNOR3KN","pid":840,"level":20,"msg":"Config loaded: D:\\workspace\\hexo\\_config.yml","time":"2017-04-04T06:50:19.456Z","v":0}
{"name":"hexo","hostname":"DESKTOP-JNOR3KN","pid":840,"level":20,"msg":"Plugin loaded: hexo-generator-archive","time":"2017-04-04T06:50:19.488Z","v":0}
{"name":"hexo","hostname":"DESKTOP-JNOR3KN","pid":840,"level":20,"msg":"Plugin loaded: hexo-generator-index","time":"2017-04-04T06:50:19.497Z","v":0}
{"name":"hexo","hostname":"DESKTOP-JNOR3KN","pid":840,"level":20,"msg":"Plugin loaded: hexo-generator-category","time":"2017-04-04T06:50:19.507Z","v":0}
{"name":"hexo","hostname":"DESKTOP-JNOR3KN","pid":840,"level":20,"msg":"Plugin loaded: hexo-deployer-git","time":"2017-04-04T06:50:19.968Z","v":0}
{"name":"hexo","hostname":"DESKTOP-JNOR3KN","pid":840,"level":20,"msg":"Plugin loaded: hexo-generator-tag","time":"2017-04-04T06:50:19.978Z","v":0}
{"name":"hexo","hostname":"DESKTOP-JNOR3KN","pid":840,"level":20,"msg":"Plugin loaded: hexo-renderer-marked","time":"2017-04-04T06:50:20.175Z","v":0}
{"name":"hexo","hostname":"DESKTOP-JNOR3KN","pid":840,"level":20,"msg":"Plugin loaded: hexo-renderer-ejs","time":"2017-04-04T06:50:20.184Z","v":0}
{"name":"hexo","hostname":"DESKTOP-JNOR3KN","pid":840,"level":20,"msg":"Plugin loaded: hexo-server","time":"2017-04-04T06:50:20.540Z","v":0}
{"name":"hexo","hostname":"DESKTOP-JNOR3KN","pid":840,"level":20,"msg":"Plugin loaded: hexo-renderer-stylus","time":"2017-04-04T06:50:20.544Z","v":0}
{"name":"hexo","hostname":"DESKTOP-JNOR3KN","pid":840,"level":20,"msg":"Loading database.","time":"2017-04-04T06:50:20.562Z","v":0}
{"name":"hexo","hostname":"DESKTOP-JNOR3KN","pid":840,"level":30,"msg":"Start processing","time":"2017-04-04T06:50:20.573Z","v":0}
{"name":"hexo","hostname":"DESKTOP-JNOR3KN","pid":840,"level":20,"msg":"Theme config loaded.","time":"2017-04-04T06:50:20.793Z","v":0}
{"name":"hexo","hostname":"DESKTOP-JNOR3KN","pid":840,"level":20,"msg":"Processed: _config.yml","time":"2017-04-04T06:50:20.794Z","v":0}
{"name":"hexo","hostname":"DESKTOP-JNOR3KN","pid":840,"level":20,"msg":"Processed: source/css/duoshuo.css","time":"2017-04-04T06:50:20.820Z","v":0}
{"name":"hexo","hostname":"DESKTOP-JNOR3KN","pid":840,"level":20,"msg":"Processed: source/css/duoshuo.min.css","time":"2017-04-04T06:50:20.820Z","v":0}
{"name":"hexo","hostname":"DESKTOP-JNOR3KN","pid":840,"level":20,"msg":"Processed: source/css/gallery.min.css","time":"2017-04-04T06:50:20.821Z","v":0}
{"name":"hexo","hostname":"DESKTOP-JNOR3KN","pid":840,"level":20,"msg":"Processed: source/css/ie-blocker.css","time":"2017-04-04T06:50:20.822Z","v":0}
{"name":"hexo","hostname":"DESKTOP-JNOR3KN","pid":840,"level":20,"msg":"Processed: source/css/uc.css","time":"2017-04-04T06:50:20.823Z","v":0}
{"name":"hexo","hostname":"DESKTOP-JNOR3KN","pid":840,"level":20,"msg":"Processed: source/fonts/MaterialIcons-Regular.woff","time":"2017-04-04T06:50:20.824Z","v":0}
{"name":"hexo","hostname":"DESKTOP-JNOR3KN","pid":840,"level":20,"msg":"Processed: source/fonts/MaterialIcons-Regular.woff2","time":"2017-04-04T06:50:20.824Z","v":0}
{"name":"hexo","hostname":"DESKTOP-JNOR3KN","pid":840,"level":20,"msg":"Processed: source/img/avatar.png","time":"2017-04-04T06:50:20.836Z","v":0}
{"name":"hexo","hostname":"DESKTOP-JNOR3KN","pid":840,"level":20,"msg":"Processed: source/img/favicon.png","time":"2017-04-04T06:50:20.837Z","v":0}
{"name":"hexo","hostname":"DESKTOP-JNOR3KN","pid":840,"level":20,"msg":"Processed: source/img/bg.png","time":"2017-04-04T06:50:20.840Z","v":0}
{"name":"hexo","hostname":"DESKTOP-JNOR3KN","pid":840,"level":20,"msg":"Processed: source/img/logo.png","time":"2017-04-04T06:50:20.841Z","v":0}
{"name":"hexo","hostname":"DESKTOP-JNOR3KN","pid":840,"level":20,"msg":"Processed: source/img/sidebar_header.png","time":"2017-04-04T06:50:20.846Z","v":0}
{"name":"hexo","hostname":"DESKTOP-JNOR3KN","pid":840,"level":20,"msg":"Processed: source/img/upyun_logo.svg","time":"2017-04-04T06:50:20.846Z","v":0}
{"name":"hexo","hostname":"DESKTOP-JNOR3KN","pid":840,"level":20,"msg":"Processed: source/js/ie-blocker.en.js","time":"2017-04-04T06:50:20.847Z","v":0}
{"name":"hexo","hostname":"DESKTOP-JNOR3KN","pid":840,"level":20,"msg":"Processed: source/js/ie-blocker.zhCN.js","time":"2017-04-04T06:50:20.847Z","v":0}
{"name":"hexo","hostname":"DESKTOP-JNOR3KN","pid":840,"level":20,"msg":"Processed: source/js/nprogress.js","time":"2017-04-04T06:50:20.848Z","v":0}
{"name":"hexo","hostname":"DESKTOP-JNOR3KN","pid":840,"level":20,"msg":"Processed: source/js/lazyload.min.js","time":"2017-04-04T06:50:20.848Z","v":0}
{"name":"hexo","hostname":"DESKTOP-JNOR3KN","pid":840,"level":20,"msg":"Processed: source/js/queue.js","time":"2017-04-04T06:50:20.849Z","v":0}
{"name":"hexo","hostname":"DESKTOP-JNOR3KN","pid":840,"level":20,"msg":"Processed: source/js/ripple.js","time":"2017-04-04T06:50:20.853Z","v":0}
{"name":"hexo","hostname":"DESKTOP-JNOR3KN","pid":840,"level":20,"msg":"Processed: source/js/smoothscroll.js","time":"2017-04-04T06:50:20.853Z","v":0}
{"name":"hexo","hostname":"DESKTOP-JNOR3KN","pid":840,"level":20,"msg":"Processed: source/css/material.min.css","time":"2017-04-04T06:50:20.854Z","v":0}
{"name":"hexo","hostname":"DESKTOP-JNOR3KN","pid":840,"level":20,"msg":"Processed: source/css/style.css","time":"2017-04-04T06:50:20.855Z","v":0}
{"name":"hexo","hostname":"DESKTOP-JNOR3KN","pid":840,"level":20,"msg":"Processed: source/css/style.min.css","time":"2017-04-04T06:50:20.856Z","v":0}
{"name":"hexo","hostname":"DESKTOP-JNOR3KN","pid":840,"level":20,"msg":"Processed: source/fonts/FontAwesome.otf","time":"2017-04-04T06:50:20.857Z","v":0}
{"name":"hexo","hostname":"DESKTOP-JNOR3KN","pid":840,"level":20,"msg":"Processed: source/fonts/MaterialIcons-Regular.ttf","time":"2017-04-04T06:50:20.857Z","v":0}
{"name":"hexo","hostname":"DESKTOP-JNOR3KN","pid":840,"level":20,"msg":"Processed: source/fonts/fontawesome-webfont.eot","time":"2017-04-04T06:50:20.857Z","v":0}
{"name":"hexo","hostname":"DESKTOP-JNOR3KN","pid":840,"level":20,"msg":"Processed: source/fonts/fontawesome-webfont.woff","time":"2017-04-04T06:50:20.858Z","v":0}
{"name":"hexo","hostname":"DESKTOP-JNOR3KN","pid":840,"level":20,"msg":"Processed: source/fonts/fontawesome-webfont.woff2","time":"2017-04-04T06:50:20.858Z","v":0}
{"name":"hexo","hostname":"DESKTOP-JNOR3KN","pid":840,"level":20,"msg":"Processed: layout/layout.ejs","time":"2017-04-04T06:50:20.889Z","v":0}
{"name":"hexo","hostname":"DESKTOP-JNOR3KN","pid":840,"level":20,"msg":"Processed: layout/index.ejs","time":"2017-04-04T06:50:20.889Z","v":0}
{"name":"hexo","hostname":"DESKTOP-JNOR3KN","pid":840,"level":20,"msg":"Processed: layout/post.ejs","time":"2017-04-04T06:50:20.890Z","v":0}
{"name":"hexo","hostname":"DESKTOP-JNOR3KN","pid":840,"level":20,"msg":"Processed: _posts/hello-world.md","time":"2017-04-04T06:50:20.913Z","v":0}
{"name":"hexo","hostname":"DESKTOP-JNOR3KN","pid":840,"level":20,"msg":"Processed: languages/ar.yml","time":"2017-04-04T06:50:20.913Z","v":0}
{"name":"hexo","hostname":"DESKTOP-JNOR3KN","pid":840,"level":20,"msg":"Processed: languages/de.yml","time":"2017-04-04T06:50:20.914Z","v":0}
{"name":"hexo","hostname":"DESKTOP-JNOR3KN","pid":840,"level":20,"msg":"Processed: languages/en.yml","time":"2017-04-04T06:50:20.914Z","v":0}
{"name":"hexo","hostname":"DESKTOP-JNOR3KN","pid":840,"level":20,"msg":"Processed: languages/es.yml","time":"2017-04-04T06:50:20.914Z","v":0}
{"name":"hexo","hostname":"DESKTOP-JNOR3KN","pid":840,"level":20,"msg":"Processed: languages/fr.yml","time":"2017-04-04T06:50:20.914Z","v":0}
{"name":"hexo","hostname":"DESKTOP-JNOR3KN","pid":840,"level":20,"msg":"Processed: languages/ja.yml","time":"2017-04-04T06:50:20.914Z","v":0}
{"name":"hexo","hostname":"DESKTOP-JNOR3KN","pid":840,"level":20,"msg":"Processed: languages/ms.yml","time":"2017-04-04T06:50:20.914Z","v":0}
{"name":"hexo","hostname":"DESKTOP-JNOR3KN","pid":840,"level":20,"msg":"Processed: languages/pt-BR.yml","time":"2017-04-04T06:50:20.914Z","v":0}
{"name":"hexo","hostname":"DESKTOP-JNOR3KN","pid":840,"level":20,"msg":"Processed: _posts/JSc.md","time":"2017-04-04T06:50:20.916Z","v":0}
{"name":"hexo","hostname":"DESKTOP-JNOR3KN","pid":840,"level":20,"msg":"Processed: source/img/daily_pic.png","time":"2017-04-04T06:50:20.918Z","v":0}
{"name":"hexo","hostname":"DESKTOP-JNOR3KN","pid":840,"level":20,"msg":"Processed: source/js/jquery.min.js","time":"2017-04-04T06:50:20.919Z","v":0}
{"name":"hexo","hostname":"DESKTOP-JNOR3KN","pid":840,"level":20,"msg":"Processed: source/js/js.js","time":"2017-04-04T06:50:20.925Z","v":0}
{"name":"hexo","hostname":"DESKTOP-JNOR3KN","pid":840,"level":20,"msg":"Processed: source/js/js.min.js","time":"2017-04-04T06:50:20.926Z","v":0}
{"name":"hexo","hostname":"DESKTOP-JNOR3KN","pid":840,"level":20,"msg":"Processed: source/css/material.css","time":"2017-04-04T06:50:20.928Z","v":0}
{"name":"hexo","hostname":"DESKTOP-JNOR3KN","pid":840,"level":20,"msg":"Processed: source/fonts/MaterialIcons-Regular.eot","time":"2017-04-04T06:50:20.929Z","v":0}
{"name":"hexo","hostname":"DESKTOP-JNOR3KN","pid":840,"level":20,"msg":"Processed: source/fonts/fontawesome-webfont.ttf","time":"2017-04-04T06:50:20.930Z","v":0}
{"name":"hexo","hostname":"DESKTOP-JNOR3KN","pid":840,"level":20,"msg":"Processed: languages/zh-TW.yml","time":"2017-04-04T06:50:21.202Z","v":0}
{"name":"hexo","hostname":"DESKTOP-JNOR3KN","pid":840,"level":20,"msg":"Processed: languages/zh-CN.yml","time":"2017-04-04T06:50:21.202Z","v":0}
{"name":"hexo","hostname":"DESKTOP-JNOR3KN","pid":840,"level":20,"msg":"Processed: source/img/footer/footer_ico-bilibili.svg","time":"2017-04-04T06:50:21.203Z","v":0}
{"name":"hexo","hostname":"DESKTOP-JNOR3KN","pid":840,"level":20,"msg":"Processed: source/img/footer/footer_ico-github.svg","time":"2017-04-04T06:50:21.205Z","v":0}
{"name":"hexo","hostname":"DESKTOP-JNOR3KN","pid":840,"level":20,"msg":"Processed: source/img/footer/footer_ico-facebook.svg","time":"2017-04-04T06:50:21.206Z","v":0}
{"name":"hexo","hostname":"DESKTOP-JNOR3KN","pid":840,"level":20,"msg":"Processed: source/img/footer/footer_ico-gplus.svg","time":"2017-04-04T06:50:21.207Z","v":0}
{"name":"hexo","hostname":"DESKTOP-JNOR3KN","pid":840,"level":20,"msg":"Processed: source/img/footer/footer_ico-instagram.svg","time":"2017-04-04T06:50:21.208Z","v":0}
{"name":"hexo","hostname":"DESKTOP-JNOR3KN","pid":840,"level":20,"msg":"Processed: source/img/footer/footer_ico-linkedin.svg","time":"2017-04-04T06:50:21.210Z","v":0}
{"name":"hexo","hostname":"DESKTOP-JNOR3KN","pid":840,"level":20,"msg":"Processed: source/img/footer/footer_ico-twitter.svg","time":"2017-04-04T06:50:21.211Z","v":0}
{"name":"hexo","hostname":"DESKTOP-JNOR3KN","pid":840,"level":20,"msg":"Processed: source/img/footer/footer_ico-tumblr.svg","time":"2017-04-04T06:50:21.211Z","v":0}
{"name":"hexo","hostname":"DESKTOP-JNOR3KN","pid":840,"level":20,"msg":"Processed: source/img/footer/footer_ico-telegram.svg","time":"2017-04-04T06:50:21.211Z","v":0}
{"name":"hexo","hostname":"DESKTOP-JNOR3KN","pid":840,"level":20,"msg":"Processed: source/img/footer/footer_ico-weibo.svg","time":"2017-04-04T06:50:21.212Z","v":0}
{"name":"hexo","hostname":"DESKTOP-JNOR3KN","pid":840,"level":20,"msg":"Processed: source/img/footer/footer_ico-zhihu.svg","time":"2017-04-04T06:50:21.212Z","v":0}
{"name":"hexo","hostname":"DESKTOP-JNOR3KN","pid":840,"level":20,"msg":"Processed: source/img/gallery/arrow.svg","time":"2017-04-04T06:50:21.212Z","v":0}
{"name":"hexo","hostname":"DESKTOP-JNOR3KN","pid":840,"level":20,"msg":"Processed: source/img/gallery/close.svg","time":"2017-04-04T06:50:21.212Z","v":0}
{"name":"hexo","hostname":"DESKTOP-JNOR3KN","pid":840,"level":20,"msg":"Processed: source/img/gallery/spinner.svg","time":"2017-04-04T06:50:21.213Z","v":0}
{"name":"hexo","hostname":"DESKTOP-JNOR3KN","pid":840,"level":20,"msg":"Processed: source/img/random/material-10.png","time":"2017-04-04T06:50:21.213Z","v":0}
{"name":"hexo","hostname":"DESKTOP-JNOR3KN","pid":840,"level":20,"msg":"Processed: source/img/random/material-12.png","time":"2017-04-04T06:50:21.214Z","v":0}
{"name":"hexo","hostname":"DESKTOP-JNOR3KN","pid":840,"level":20,"msg":"Processed: source/img/random/material-17.png","time":"2017-04-04T06:50:21.214Z","v":0}
{"name":"hexo","hostname":"DESKTOP-JNOR3KN","pid":840,"level":20,"msg":"Processed: source/img/random/material-19.png","time":"2017-04-04T06:50:21.214Z","v":0}
{"name":"hexo","hostname":"DESKTOP-JNOR3KN","pid":840,"level":20,"msg":"Processed: source/img/random/material-3.png","time":"2017-04-04T06:50:21.214Z","v":0}
{"name":"hexo","hostname":"DESKTOP-JNOR3KN","pid":840,"level":20,"msg":"Processed: source/img/random/material-4.png","time":"2017-04-04T06:50:21.215Z","v":0}
{"name":"hexo","hostname":"DESKTOP-JNOR3KN","pid":840,"level":20,"msg":"Processed: source/img/random/material-6.png","time":"2017-04-04T06:50:21.215Z","v":0}
{"name":"hexo","hostname":"DESKTOP-JNOR3KN","pid":840,"level":20,"msg":"Processed: source/img/random/material-8.png","time":"2017-04-04T06:50:21.215Z","v":0}
{"name":"hexo","hostname":"DESKTOP-JNOR3KN","pid":840,"level":20,"msg":"Processed: source/img/random/material-9.png","time":"2017-04-04T06:50:21.216Z","v":0}
{"name":"hexo","hostname":"DESKTOP-JNOR3KN","pid":840,"level":20,"msg":"Processed: source/js/gallery/gallery.js","time":"2017-04-04T06:50:21.216Z","v":0}
{"name":"hexo","hostname":"DESKTOP-JNOR3KN","pid":840,"level":20,"msg":"Processed: layout/_partial/Isolation-post-info.ejs","time":"2017-04-04T06:50:21.258Z","v":0}
{"name":"hexo","hostname":"DESKTOP-JNOR3KN","pid":840,"level":20,"msg":"Processed: layout/_widget/changyan.ejs","time":"2017-04-04T06:50:21.258Z","v":0}
{"name":"hexo","hostname":"DESKTOP-JNOR3KN","pid":840,"level":20,"msg":"Processed: layout/_widget/duoshuo.ejs","time":"2017-04-04T06:50:21.258Z","v":0}
{"name":"hexo","hostname":"DESKTOP-JNOR3KN","pid":840,"level":20,"msg":"Processed: layout/_widget/disqus.ejs","time":"2017-04-04T06:50:21.258Z","v":0}
{"name":"hexo","hostname":"DESKTOP-JNOR3KN","pid":840,"level":20,"msg":"Processed: layout/_widget/disqus_click.ejs","time":"2017-04-04T06:50:21.258Z","v":0}
{"name":"hexo","hostname":"DESKTOP-JNOR3KN","pid":840,"level":20,"msg":"Processed: layout/_widget/leancloud-like.ejs","time":"2017-04-04T06:50:21.258Z","v":0}
{"name":"hexo","hostname":"DESKTOP-JNOR3KN","pid":840,"level":20,"msg":"Processed: layout/_widget/mathjax.ejs","time":"2017-04-04T06:50:21.259Z","v":0}
{"name":"hexo","hostname":"DESKTOP-JNOR3KN","pid":840,"level":20,"msg":"Processed: layout/_widget/leancloud-views.ejs","time":"2017-04-04T06:50:21.259Z","v":0}
{"name":"hexo","hostname":"DESKTOP-JNOR3KN","pid":840,"level":20,"msg":"Processed: layout/_widget/leancloud-views_num.ejs","time":"2017-04-04T06:50:21.259Z","v":0}
{"name":"hexo","hostname":"DESKTOP-JNOR3KN","pid":840,"level":20,"msg":"Processed: layout/_widget/nprogress.ejs","time":"2017-04-04T06:50:21.259Z","v":0}
{"name":"hexo","hostname":"DESKTOP-JNOR3KN","pid":840,"level":20,"msg":"Processed: layout/_widget/page-gallery.ejs","time":"2017-04-04T06:50:21.259Z","v":0}
{"name":"hexo","hostname":"DESKTOP-JNOR3KN","pid":840,"level":20,"msg":"Processed: layout/_widget/page-timeline.ejs","time":"2017-04-04T06:50:21.259Z","v":0}
{"name":"hexo","hostname":"DESKTOP-JNOR3KN","pid":840,"level":20,"msg":"Processed: layout/_widget/page-links.ejs","time":"2017-04-04T06:50:21.259Z","v":0}
{"name":"hexo","hostname":"DESKTOP-JNOR3KN","pid":840,"level":20,"msg":"Processed: layout/_widget/page-tagcloud.ejs","time":"2017-04-04T06:50:21.259Z","v":0}
{"name":"hexo","hostname":"DESKTOP-JNOR3KN","pid":840,"level":20,"msg":"Processed: layout/_widget/search-local-js.ejs","time":"2017-04-04T06:50:21.260Z","v":0}
{"name":"hexo","hostname":"DESKTOP-JNOR3KN","pid":840,"level":20,"msg":"Processed: layout/_partial/Paradox-post-info.ejs","time":"2017-04-04T06:50:21.260Z","v":0}
{"name":"hexo","hostname":"DESKTOP-JNOR3KN","pid":840,"level":20,"msg":"Processed: layout/_partial/Isolation-post_entry.ejs","time":"2017-04-04T06:50:21.260Z","v":0}
{"name":"hexo","hostname":"DESKTOP-JNOR3KN","pid":840,"level":20,"msg":"Processed: layout/_widget/search-swiftype-js.ejs","time":"2017-04-04T06:50:21.260Z","v":0}
{"name":"hexo","hostname":"DESKTOP-JNOR3KN","pid":840,"level":20,"msg":"Processed: layout/_partial/Paradox-post-thumbnail.ejs","time":"2017-04-04T06:50:21.260Z","v":0}
{"name":"hexo","hostname":"DESKTOP-JNOR3KN","pid":840,"level":20,"msg":"Processed: layout/_partial/Paradox-post_entry-thumbnail.ejs","time":"2017-04-04T06:50:21.260Z","v":0}
{"name":"hexo","hostname":"DESKTOP-JNOR3KN","pid":840,"level":20,"msg":"Processed: layout/_partial/Paradox-post_entry.ejs","time":"2017-04-04T06:50:21.260Z","v":0}
{"name":"hexo","hostname":"DESKTOP-JNOR3KN","pid":840,"level":20,"msg":"Processed: layout/_partial/Paradox-search.ejs","time":"2017-04-04T06:50:21.260Z","v":0}
{"name":"hexo","hostname":"DESKTOP-JNOR3KN","pid":840,"level":20,"msg":"Processed: layout/_partial/blog_info.ejs","time":"2017-04-04T06:50:21.260Z","v":0}
{"name":"hexo","hostname":"DESKTOP-JNOR3KN","pid":840,"level":20,"msg":"Processed: layout/_partial/comment.ejs","time":"2017-04-04T06:50:21.260Z","v":0}
{"name":"hexo","hostname":"DESKTOP-JNOR3KN","pid":840,"level":20,"msg":"Processed: layout/_partial/config_css.ejs","time":"2017-04-04T06:50:21.260Z","v":0}
{"name":"hexo","hostname":"DESKTOP-JNOR3KN","pid":840,"level":20,"msg":"Processed: layout/_partial/daily_pic.ejs","time":"2017-04-04T06:50:21.260Z","v":0}
{"name":"hexo","hostname":"DESKTOP-JNOR3KN","pid":840,"level":20,"msg":"Processed: layout/_partial/footer-option.ejs","time":"2017-04-04T06:50:21.261Z","v":0}
{"name":"hexo","hostname":"DESKTOP-JNOR3KN","pid":840,"level":20,"msg":"Processed: layout/_partial/footer-left.ejs","time":"2017-04-04T06:50:21.261Z","v":0}
{"name":"hexo","hostname":"DESKTOP-JNOR3KN","pid":840,"level":20,"msg":"Processed: layout/_partial/footer.ejs","time":"2017-04-04T06:50:21.261Z","v":0}
{"name":"hexo","hostname":"DESKTOP-JNOR3KN","pid":840,"level":20,"msg":"Processed: layout/_partial/head.ejs","time":"2017-04-04T06:50:21.261Z","v":0}
{"name":"hexo","hostname":"DESKTOP-JNOR3KN","pid":840,"level":20,"msg":"Processed: layout/_partial/footer_top.ejs","time":"2017-04-04T06:50:21.261Z","v":0}
{"name":"hexo","hostname":"DESKTOP-JNOR3KN","pid":840,"level":20,"msg":"Processed: layout/_partial/import_js.ejs","time":"2017-04-04T06:50:21.262Z","v":0}
{"name":"hexo","hostname":"DESKTOP-JNOR3KN","pid":840,"level":20,"msg":"Processed: layout/_partial/isolate-sns_list.ejs","time":"2017-04-04T06:50:21.262Z","v":0}
{"name":"hexo","hostname":"DESKTOP-JNOR3KN","pid":840,"level":20,"msg":"Processed: layout/_partial/isolate_info.ejs","time":"2017-04-04T06:50:21.262Z","v":0}
{"name":"hexo","hostname":"DESKTOP-JNOR3KN","pid":840,"level":20,"msg":"Processed: layout/_partial/post-content.ejs","time":"2017-04-04T06:50:21.262Z","v":0}
{"name":"hexo","hostname":"DESKTOP-JNOR3KN","pid":840,"level":20,"msg":"Processed: layout/_partial/post-header.ejs","time":"2017-04-04T06:50:21.262Z","v":0}
{"name":"hexo","hostname":"DESKTOP-JNOR3KN","pid":840,"level":20,"msg":"Processed: layout/_partial/post-info-share.ejs","time":"2017-04-04T06:50:21.262Z","v":0}
{"name":"hexo","hostname":"DESKTOP-JNOR3KN","pid":840,"level":20,"msg":"Processed: layout/_partial/post-nav.ejs","time":"2017-04-04T06:50:21.262Z","v":0}
{"name":"hexo","hostname":"DESKTOP-JNOR3KN","pid":840,"level":20,"msg":"Processed: layout/_partial/sidebar-footer.ejs","time":"2017-04-04T06:50:21.262Z","v":0}
{"name":"hexo","hostname":"DESKTOP-JNOR3KN","pid":840,"level":20,"msg":"Processed: layout/_partial/sidebar-footer_image.ejs","time":"2017-04-04T06:50:21.262Z","v":0}
{"name":"hexo","hostname":"DESKTOP-JNOR3KN","pid":840,"level":20,"msg":"Processed: layout/_partial/sidebar-header.ejs","time":"2017-04-04T06:50:21.263Z","v":0}
{"name":"hexo","hostname":"DESKTOP-JNOR3KN","pid":840,"level":20,"msg":"Processed: layout/_partial/sidebar-navigation.ejs","time":"2017-04-04T06:50:21.263Z","v":0}
{"name":"hexo","hostname":"DESKTOP-JNOR3KN","pid":840,"level":20,"msg":"Processed: layout/_partial/sidebar.ejs","time":"2017-04-04T06:50:21.263Z","v":0}
{"name":"hexo","hostname":"DESKTOP-JNOR3KN","pid":840,"level":20,"msg":"Processed: layout/_partial/toc_button.ejs","time":"2017-04-04T06:50:21.263Z","v":0}
{"name":"hexo","hostname":"DESKTOP-JNOR3KN","pid":840,"level":20,"msg":"Processed: source/img/random/material-1.png","time":"2017-04-04T06:50:21.266Z","v":0}
{"name":"hexo","hostname":"DESKTOP-JNOR3KN","pid":840,"level":20,"msg":"Processed: source/img/random/material-11.png","time":"2017-04-04T06:50:21.269Z","v":0}
{"name":"hexo","hostname":"DESKTOP-JNOR3KN","pid":840,"level":20,"msg":"Processed: source/img/random/material-13.png","time":"2017-04-04T06:50:21.272Z","v":0}
{"name":"hexo","hostname":"DESKTOP-JNOR3KN","pid":840,"level":20,"msg":"Processed: source/img/random/material-14.png","time":"2017-04-04T06:50:21.275Z","v":0}
{"name":"hexo","hostname":"DESKTOP-JNOR3KN","pid":840,"level":20,"msg":"Processed: source/img/random/material-15.png","time":"2017-04-04T06:50:21.276Z","v":0}
{"name":"hexo","hostname":"DESKTOP-JNOR3KN","pid":840,"level":20,"msg":"Processed: source/img/random/material-16.png","time":"2017-04-04T06:50:21.276Z","v":0}
{"name":"hexo","hostname":"DESKTOP-JNOR3KN","pid":840,"level":20,"msg":"Processed: source/img/random/material-18.png","time":"2017-04-04T06:50:21.276Z","v":0}
{"name":"hexo","hostname":"DESKTOP-JNOR3KN","pid":840,"level":20,"msg":"Processed: source/img/random/material-2.png","time":"2017-04-04T06:50:21.277Z","v":0}
{"name":"hexo","hostname":"DESKTOP-JNOR3KN","pid":840,"level":20,"msg":"Processed: source/img/random/material-5.png","time":"2017-04-04T06:50:21.277Z","v":0}
{"name":"hexo","hostname":"DESKTOP-JNOR3KN","pid":840,"level":20,"msg":"Processed: source/img/random/material-7.png","time":"2017-04-04T06:50:21.277Z","v":0}
{"name":"hexo","hostname":"DESKTOP-JNOR3KN","pid":840,"level":20,"msg":"Processed: source/fonts/fontawesome-webfont.svg","time":"2017-04-04T06:50:21.280Z","v":0}
{"name":"hexo","hostname":"DESKTOP-JNOR3KN","pid":840,"level":20,"msg":"Processed: source/fonts/Roboto-Black.ttf","time":"2017-04-04T06:50:21.283Z","v":0}
{"name":"hexo","hostname":"DESKTOP-JNOR3KN","pid":840,"level":20,"msg":"Processed: source/fonts/Roboto-Light.ttf","time":"2017-04-04T06:50:21.284Z","v":0}
{"name":"hexo","hostname":"DESKTOP-JNOR3KN","pid":840,"level":20,"msg":"Processed: source/fonts/Roboto-Bold.ttf","time":"2017-04-04T06:50:21.284Z","v":0}
{"name":"hexo","hostname":"DESKTOP-JNOR3KN","pid":840,"level":20,"msg":"Processed: source/fonts/Roboto-Medium.ttf","time":"2017-04-04T06:50:21.284Z","v":0}
{"name":"hexo","hostname":"DESKTOP-JNOR3KN","pid":840,"level":20,"msg":"Processed: source/fonts/Roboto-Regular.ttf","time":"2017-04-04T06:50:21.284Z","v":0}
{"name":"hexo","hostname":"DESKTOP-JNOR3KN","pid":840,"level":20,"msg":"Processed: source/fonts/Roboto-Thin.ttf","time":"2017-04-04T06:50:21.284Z","v":0}
{"name":"hexo","hostname":"DESKTOP-JNOR3KN","pid":840,"level":20,"msg":"Generator: page","time":"2017-04-04T06:50:21.913Z","v":0}
{"name":"hexo","hostname":"DESKTOP-JNOR3KN","pid":840,"level":20,"msg":"Generator: post","time":"2017-04-04T06:50:21.914Z","v":0}
{"name":"hexo","hostname":"DESKTOP-JNOR3KN","pid":840,"level":20,"msg":"Generator: archive","time":"2017-04-04T06:50:21.914Z","v":0}
{"name":"hexo","hostname":"DESKTOP-JNOR3KN","pid":840,"level":20,"msg":"Generator: index","time":"2017-04-04T06:50:21.914Z","v":0}
{"name":"hexo","hostname":"DESKTOP-JNOR3KN","pid":840,"level":20,"msg":"Generator: category","time":"2017-04-04T06:50:21.914Z","v":0}
{"name":"hexo","hostname":"DESKTOP-JNOR3KN","pid":840,"level":20,"msg":"Generator: tag","time":"2017-04-04T06:50:21.914Z","v":0}
{"name":"hexo","hostname":"DESKTOP-JNOR3KN","pid":840,"level":20,"msg":"Generator: asset","time":"2017-04-04T06:50:21.916Z","v":0}
{"name":"hexo","hostname":"DESKTOP-JNOR3KN","pid":840,"level":30,"msg":"Hexo is running at http://localhost:4000/. Press Ctrl+C to stop.","time":"2017-04-04T06:50:21.923Z","v":0}
{"name":"hexo","hostname":"DESKTOP-JNOR3KN","pid":840,"level":20,"msg":"Database saved","time":"2017-04-04T06:50:21.949Z","v":0}
{"name":"hexo","hostname":"DESKTOP-JNOR3KN","pid":14072,"level":20,"msg":"Hexo version: 3.2.2","time":"2017-04-04T06:50:37.021Z","v":0}
{"name":"hexo","hostname":"DESKTOP-JNOR3KN","pid":14072,"level":20,"msg":"Working directory: D:\\workspace\\hexo\\","time":"2017-04-04T06:50:37.025Z","v":0}
{"name":"hexo","hostname":"DESKTOP-JNOR3KN","pid":14072,"level":20,"msg":"Config loaded: D:\\workspace\\hexo\\_config.yml","time":"2017-04-04T06:50:37.321Z","v":0}
{"name":"hexo","hostname":"DESKTOP-JNOR3KN","pid":14072,"level":20,"msg":"Plugin loaded: hexo-deployer-git","time":"2017-04-04T06:50:37.805Z","v":0}
{"name":"hexo","hostname":"DESKTOP-JNOR3KN","pid":14072,"level":20,"msg":"Plugin loaded: hexo-generator-category","time":"2017-04-04T06:50:37.815Z","v":0}
{"name":"hexo","hostname":"DESKTOP-JNOR3KN","pid":14072,"level":20,"msg":"Plugin loaded: hexo-generator-index","time":"2017-04-04T06:50:37.824Z","v":0}
{"name":"hexo","hostname":"DESKTOP-JNOR3KN","pid":14072,"level":20,"msg":"Plugin loaded: hexo-generator-archive","time":"2017-04-04T06:50:37.837Z","v":0}
{"name":"hexo","hostname":"DESKTOP-JNOR3KN","pid":14072,"level":20,"msg":"Plugin loaded: hexo-generator-tag","time":"2017-04-04T06:50:37.850Z","v":0}
{"name":"hexo","hostname":"DESKTOP-JNOR3KN","pid":14072,"level":20,"msg":"Plugin loaded: hexo-renderer-ejs","time":"2017-04-04T06:50:37.863Z","v":0}
{"name":"hexo","hostname":"DESKTOP-JNOR3KN","pid":14072,"level":20,"msg":"Plugin loaded: hexo-renderer-stylus","time":"2017-04-04T06:50:37.865Z","v":0}
{"name":"hexo","hostname":"DESKTOP-JNOR3KN","pid":14072,"level":20,"msg":"Plugin loaded: hexo-renderer-marked","time":"2017-04-04T06:50:38.064Z","v":0}
{"name":"hexo","hostname":"DESKTOP-JNOR3KN","pid":14072,"level":20,"msg":"Plugin loaded: hexo-server","time":"2017-04-04T06:50:38.406Z","v":0}
{"name":"hexo","hostname":"DESKTOP-JNOR3KN","pid":14072,"level":20,"msg":"Loading database.","time":"2017-04-04T06:50:38.424Z","v":0}
{"name":"hexo","hostname":"DESKTOP-JNOR3KN","pid":14072,"level":30,"msg":"Start processing","time":"2017-04-04T06:50:38.505Z","v":0}
{"name":"hexo","hostname":"DESKTOP-JNOR3KN","pid":14072,"level":20,"msg":"Processed: _posts/JSc.md","time":"2017-04-04T06:50:38.669Z","v":0}
{"name":"hexo","hostname":"DESKTOP-JNOR3KN","pid":14072,"level":20,"msg":"Processed: _posts/hello-world.md","time":"2017-04-04T06:50:38.670Z","v":0}
{"name":"hexo","hostname":"DESKTOP-JNOR3KN","pid":14072,"level":20,"msg":"Theme config loaded.","time":"2017-04-04T06:50:38.785Z","v":0}
{"name":"hexo","hostname":"DESKTOP-JNOR3KN","pid":14072,"level":20,"msg":"Processed: _config.yml","time":"2017-04-04T06:50:38.785Z","v":0}
{"name":"hexo","hostname":"DESKTOP-JNOR3KN","pid":14072,"level":20,"msg":"Processed: source/css/duoshuo.css","time":"2017-04-04T06:50:38.820Z","v":0}
{"name":"hexo","hostname":"DESKTOP-JNOR3KN","pid":14072,"level":20,"msg":"Processed: source/css/duoshuo.min.css","time":"2017-04-04T06:50:38.820Z","v":0}
{"name":"hexo","hostname":"DESKTOP-JNOR3KN","pid":14072,"level":20,"msg":"Processed: source/css/gallery.min.css","time":"2017-04-04T06:50:38.822Z","v":0}
{"name":"hexo","hostname":"DESKTOP-JNOR3KN","pid":14072,"level":20,"msg":"Processed: source/css/ie-blocker.css","time":"2017-04-04T06:50:38.823Z","v":0}
{"name":"hexo","hostname":"DESKTOP-JNOR3KN","pid":14072,"level":20,"msg":"Processed: source/css/uc.css","time":"2017-04-04T06:50:38.824Z","v":0}
{"name":"hexo","hostname":"DESKTOP-JNOR3KN","pid":14072,"level":20,"msg":"Processed: source/fonts/MaterialIcons-Regular.woff","time":"2017-04-04T06:50:38.825Z","v":0}
{"name":"hexo","hostname":"DESKTOP-JNOR3KN","pid":14072,"level":20,"msg":"Processed: source/fonts/MaterialIcons-Regular.woff2","time":"2017-04-04T06:50:38.826Z","v":0}
{"name":"hexo","hostname":"DESKTOP-JNOR3KN","pid":14072,"level":20,"msg":"Processed: source/img/avatar.png","time":"2017-04-04T06:50:38.828Z","v":0}
{"name":"hexo","hostname":"DESKTOP-JNOR3KN","pid":14072,"level":20,"msg":"Processed: source/img/bg.png","time":"2017-04-04T06:50:38.830Z","v":0}
{"name":"hexo","hostname":"DESKTOP-JNOR3KN","pid":14072,"level":20,"msg":"Processed: source/img/favicon.png","time":"2017-04-04T06:50:38.832Z","v":0}
{"name":"hexo","hostname":"DESKTOP-JNOR3KN","pid":14072,"level":20,"msg":"Processed: source/img/logo.png","time":"2017-04-04T06:50:38.832Z","v":0}
{"name":"hexo","hostname":"DESKTOP-JNOR3KN","pid":14072,"level":20,"msg":"Processed: source/img/sidebar_header.png","time":"2017-04-04T06:50:38.833Z","v":0}
{"name":"hexo","hostname":"DESKTOP-JNOR3KN","pid":14072,"level":20,"msg":"Processed: source/img/upyun_logo.svg","time":"2017-04-04T06:50:38.833Z","v":0}
{"name":"hexo","hostname":"DESKTOP-JNOR3KN","pid":14072,"level":20,"msg":"Processed: source/js/ie-blocker.en.js","time":"2017-04-04T06:50:38.834Z","v":0}
{"name":"hexo","hostname":"DESKTOP-JNOR3KN","pid":14072,"level":20,"msg":"Processed: source/js/ie-blocker.zhCN.js","time":"2017-04-04T06:50:38.835Z","v":0}
{"name":"hexo","hostname":"DESKTOP-JNOR3KN","pid":14072,"level":20,"msg":"Processed: source/js/lazyload.min.js","time":"2017-04-04T06:50:38.835Z","v":0}
{"name":"hexo","hostname":"DESKTOP-JNOR3KN","pid":14072,"level":20,"msg":"Processed: source/js/queue.js","time":"2017-04-04T06:50:38.835Z","v":0}
{"name":"hexo","hostname":"DESKTOP-JNOR3KN","pid":14072,"level":20,"msg":"Processed: source/js/nprogress.js","time":"2017-04-04T06:50:38.835Z","v":0}
{"name":"hexo","hostname":"DESKTOP-JNOR3KN","pid":14072,"level":20,"msg":"Processed: source/js/ripple.js","time":"2017-04-04T06:50:38.836Z","v":0}
{"name":"hexo","hostname":"DESKTOP-JNOR3KN","pid":14072,"level":20,"msg":"Processed: source/js/smoothscroll.js","time":"2017-04-04T06:50:38.836Z","v":0}
{"name":"hexo","hostname":"DESKTOP-JNOR3KN","pid":14072,"level":20,"msg":"Processed: source/css/material.min.css","time":"2017-04-04T06:50:38.865Z","v":0}
{"name":"hexo","hostname":"DESKTOP-JNOR3KN","pid":14072,"level":20,"msg":"Processed: source/css/style.css","time":"2017-04-04T06:50:38.865Z","v":0}
{"name":"hexo","hostname":"DESKTOP-JNOR3KN","pid":14072,"level":20,"msg":"Processed: source/css/style.min.css","time":"2017-04-04T06:50:38.866Z","v":0}
{"name":"hexo","hostname":"DESKTOP-JNOR3KN","pid":14072,"level":20,"msg":"Processed: source/fonts/FontAwesome.otf","time":"2017-04-04T06:50:38.869Z","v":0}
{"name":"hexo","hostname":"DESKTOP-JNOR3KN","pid":14072,"level":20,"msg":"Processed: source/fonts/MaterialIcons-Regular.ttf","time":"2017-04-04T06:50:38.869Z","v":0}
{"name":"hexo","hostname":"DESKTOP-JNOR3KN","pid":14072,"level":20,"msg":"Processed: source/fonts/fontawesome-webfont.eot","time":"2017-04-04T06:50:38.870Z","v":0}
{"name":"hexo","hostname":"DESKTOP-JNOR3KN","pid":14072,"level":20,"msg":"Processed: source/fonts/fontawesome-webfont.woff","time":"2017-04-04T06:50:38.870Z","v":0}
{"name":"hexo","hostname":"DESKTOP-JNOR3KN","pid":14072,"level":20,"msg":"Processed: source/fonts/fontawesome-webfont.woff2","time":"2017-04-04T06:50:38.871Z","v":0}
{"name":"hexo","hostname":"DESKTOP-JNOR3KN","pid":14072,"level":20,"msg":"Processed: source/img/daily_pic.png","time":"2017-04-04T06:50:38.872Z","v":0}
{"name":"hexo","hostname":"DESKTOP-JNOR3KN","pid":14072,"level":20,"msg":"Processed: source/js/jquery.min.js","time":"2017-04-04T06:50:38.874Z","v":0}
{"name":"hexo","hostname":"DESKTOP-JNOR3KN","pid":14072,"level":20,"msg":"Processed: source/js/js.js","time":"2017-04-04T06:50:38.875Z","v":0}
{"name":"hexo","hostname":"DESKTOP-JNOR3KN","pid":14072,"level":20,"msg":"Processed: source/js/js.min.js","time":"2017-04-04T06:50:38.875Z","v":0}
{"name":"hexo","hostname":"DESKTOP-JNOR3KN","pid":14072,"level":20,"msg":"Processed: layout/index.ejs","time":"2017-04-04T06:50:38.900Z","v":0}
{"name":"hexo","hostname":"DESKTOP-JNOR3KN","pid":14072,"level":20,"msg":"Processed: languages/de.yml","time":"2017-04-04T06:50:38.931Z","v":0}
{"name":"hexo","hostname":"DESKTOP-JNOR3KN","pid":14072,"level":20,"msg":"Processed: languages/ar.yml","time":"2017-04-04T06:50:38.931Z","v":0}
{"name":"hexo","hostname":"DESKTOP-JNOR3KN","pid":14072,"level":20,"msg":"Processed: languages/en.yml","time":"2017-04-04T06:50:38.931Z","v":0}
{"name":"hexo","hostname":"DESKTOP-JNOR3KN","pid":14072,"level":20,"msg":"Processed: languages/es.yml","time":"2017-04-04T06:50:38.931Z","v":0}
{"name":"hexo","hostname":"DESKTOP-JNOR3KN","pid":14072,"level":20,"msg":"Processed: languages/ms.yml","time":"2017-04-04T06:50:38.931Z","v":0}
{"name":"hexo","hostname":"DESKTOP-JNOR3KN","pid":14072,"level":20,"msg":"Processed: languages/fr.yml","time":"2017-04-04T06:50:38.931Z","v":0}
{"name":"hexo","hostname":"DESKTOP-JNOR3KN","pid":14072,"level":20,"msg":"Processed: languages/ja.yml","time":"2017-04-04T06:50:38.931Z","v":0}
{"name":"hexo","hostname":"DESKTOP-JNOR3KN","pid":14072,"level":20,"msg":"Processed: languages/pt-BR.yml","time":"2017-04-04T06:50:38.934Z","v":0}
{"name":"hexo","hostname":"DESKTOP-JNOR3KN","pid":14072,"level":20,"msg":"Processed: languages/zh-CN.yml","time":"2017-04-04T06:50:38.934Z","v":0}
{"name":"hexo","hostname":"DESKTOP-JNOR3KN","pid":14072,"level":20,"msg":"Processed: languages/zh-TW.yml","time":"2017-04-04T06:50:38.934Z","v":0}
{"name":"hexo","hostname":"DESKTOP-JNOR3KN","pid":14072,"level":20,"msg":"Processed: source/css/material.css","time":"2017-04-04T06:50:38.935Z","v":0}
{"name":"hexo","hostname":"DESKTOP-JNOR3KN","pid":14072,"level":20,"msg":"Processed: source/fonts/MaterialIcons-Regular.eot","time":"2017-04-04T06:50:38.935Z","v":0}
{"name":"hexo","hostname":"DESKTOP-JNOR3KN","pid":14072,"level":20,"msg":"Processed: source/fonts/fontawesome-webfont.ttf","time":"2017-04-04T06:50:38.936Z","v":0}
{"name":"hexo","hostname":"DESKTOP-JNOR3KN","pid":14072,"level":20,"msg":"Processed: source/img/footer/footer_ico-bilibili.svg","time":"2017-04-04T06:50:38.936Z","v":0}
{"name":"hexo","hostname":"DESKTOP-JNOR3KN","pid":14072,"level":20,"msg":"Processed: source/img/footer/footer_ico-facebook.svg","time":"2017-04-04T06:50:38.937Z","v":0}
{"name":"hexo","hostname":"DESKTOP-JNOR3KN","pid":14072,"level":20,"msg":"Processed: source/img/footer/footer_ico-github.svg","time":"2017-04-04T06:50:38.940Z","v":0}
{"name":"hexo","hostname":"DESKTOP-JNOR3KN","pid":14072,"level":20,"msg":"Processed: source/img/footer/footer_ico-gplus.svg","time":"2017-04-04T06:50:38.940Z","v":0}
{"name":"hexo","hostname":"DESKTOP-JNOR3KN","pid":14072,"level":20,"msg":"Processed: source/img/footer/footer_ico-instagram.svg","time":"2017-04-04T06:50:38.940Z","v":0}
{"name":"hexo","hostname":"DESKTOP-JNOR3KN","pid":14072,"level":20,"msg":"Processed: source/img/footer/footer_ico-linkedin.svg","time":"2017-04-04T06:50:38.940Z","v":0}
{"name":"hexo","hostname":"DESKTOP-JNOR3KN","pid":14072,"level":20,"msg":"Processed: source/img/footer/footer_ico-telegram.svg","time":"2017-04-04T06:50:38.941Z","v":0}
{"name":"hexo","hostname":"DESKTOP-JNOR3KN","pid":14072,"level":20,"msg":"Processed: source/img/footer/footer_ico-tumblr.svg","time":"2017-04-04T06:50:38.941Z","v":0}
{"name":"hexo","hostname":"DESKTOP-JNOR3KN","pid":14072,"level":20,"msg":"Processed: source/img/footer/footer_ico-twitter.svg","time":"2017-04-04T06:50:38.941Z","v":0}
{"name":"hexo","hostname":"DESKTOP-JNOR3KN","pid":14072,"level":20,"msg":"Processed: source/img/footer/footer_ico-weibo.svg","time":"2017-04-04T06:50:38.941Z","v":0}
{"name":"hexo","hostname":"DESKTOP-JNOR3KN","pid":14072,"level":20,"msg":"Processed: source/img/footer/footer_ico-zhihu.svg","time":"2017-04-04T06:50:38.941Z","v":0}
{"name":"hexo","hostname":"DESKTOP-JNOR3KN","pid":14072,"level":20,"msg":"Processed: source/img/gallery/arrow.svg","time":"2017-04-04T06:50:38.942Z","v":0}
{"name":"hexo","hostname":"DESKTOP-JNOR3KN","pid":14072,"level":20,"msg":"Processed: source/img/gallery/close.svg","time":"2017-04-04T06:50:38.942Z","v":0}
{"name":"hexo","hostname":"DESKTOP-JNOR3KN","pid":14072,"level":20,"msg":"Processed: source/img/gallery/spinner.svg","time":"2017-04-04T06:50:38.942Z","v":0}
{"name":"hexo","hostname":"DESKTOP-JNOR3KN","pid":14072,"level":20,"msg":"Processed: source/img/random/material-12.png","time":"2017-04-04T06:50:38.942Z","v":0}
{"name":"hexo","hostname":"DESKTOP-JNOR3KN","pid":14072,"level":20,"msg":"Processed: source/img/random/material-10.png","time":"2017-04-04T06:50:38.943Z","v":0}
{"name":"hexo","hostname":"DESKTOP-JNOR3KN","pid":14072,"level":20,"msg":"Processed: source/img/random/material-17.png","time":"2017-04-04T06:50:38.943Z","v":0}
{"name":"hexo","hostname":"DESKTOP-JNOR3KN","pid":14072,"level":20,"msg":"Processed: source/img/random/material-19.png","time":"2017-04-04T06:50:38.943Z","v":0}
{"name":"hexo","hostname":"DESKTOP-JNOR3KN","pid":14072,"level":20,"msg":"Processed: source/img/random/material-3.png","time":"2017-04-04T06:50:38.943Z","v":0}
{"name":"hexo","hostname":"DESKTOP-JNOR3KN","pid":14072,"level":20,"msg":"Processed: source/img/random/material-4.png","time":"2017-04-04T06:50:38.943Z","v":0}
{"name":"hexo","hostname":"DESKTOP-JNOR3KN","pid":14072,"level":20,"msg":"Processed: source/img/random/material-6.png","time":"2017-04-04T06:50:38.944Z","v":0}
{"name":"hexo","hostname":"DESKTOP-JNOR3KN","pid":14072,"level":20,"msg":"Processed: source/img/random/material-8.png","time":"2017-04-04T06:50:38.944Z","v":0}
{"name":"hexo","hostname":"DESKTOP-JNOR3KN","pid":14072,"level":20,"msg":"Processed: source/img/random/material-9.png","time":"2017-04-04T06:50:38.946Z","v":0}
{"name":"hexo","hostname":"DESKTOP-JNOR3KN","pid":14072,"level":20,"msg":"Processed: source/js/gallery/gallery.js","time":"2017-04-04T06:50:38.947Z","v":0}
{"name":"hexo","hostname":"DESKTOP-JNOR3KN","pid":14072,"level":20,"msg":"Processed: layout/post.ejs","time":"2017-04-04T06:50:38.962Z","v":0}
{"name":"hexo","hostname":"DESKTOP-JNOR3KN","pid":14072,"level":20,"msg":"Processed: layout/layout.ejs","time":"2017-04-04T06:50:38.963Z","v":0}
{"name":"hexo","hostname":"DESKTOP-JNOR3KN","pid":14072,"level":20,"msg":"Processed: layout/_partial/Isolation-post-info.ejs","time":"2017-04-04T06:50:38.963Z","v":0}
{"name":"hexo","hostname":"DESKTOP-JNOR3KN","pid":14072,"level":20,"msg":"Processed: source/img/random/material-11.png","time":"2017-04-04T06:50:38.966Z","v":0}
{"name":"hexo","hostname":"DESKTOP-JNOR3KN","pid":14072,"level":20,"msg":"Processed: source/img/random/material-1.png","time":"2017-04-04T06:50:38.967Z","v":0}
{"name":"hexo","hostname":"DESKTOP-JNOR3KN","pid":14072,"level":20,"msg":"Processed: source/img/random/material-13.png","time":"2017-04-04T06:50:38.967Z","v":0}
{"name":"hexo","hostname":"DESKTOP-JNOR3KN","pid":14072,"level":20,"msg":"Processed: source/img/random/material-14.png","time":"2017-04-04T06:50:38.967Z","v":0}
{"name":"hexo","hostname":"DESKTOP-JNOR3KN","pid":14072,"level":20,"msg":"Processed: source/img/random/material-15.png","time":"2017-04-04T06:50:38.968Z","v":0}
{"name":"hexo","hostname":"DESKTOP-JNOR3KN","pid":14072,"level":20,"msg":"Processed: source/img/random/material-16.png","time":"2017-04-04T06:50:38.969Z","v":0}
{"name":"hexo","hostname":"DESKTOP-JNOR3KN","pid":14072,"level":20,"msg":"Processed: source/img/random/material-18.png","time":"2017-04-04T06:50:38.970Z","v":0}
{"name":"hexo","hostname":"DESKTOP-JNOR3KN","pid":14072,"level":20,"msg":"Processed: source/img/random/material-2.png","time":"2017-04-04T06:50:38.970Z","v":0}
{"name":"hexo","hostname":"DESKTOP-JNOR3KN","pid":14072,"level":20,"msg":"Processed: source/img/random/material-5.png","time":"2017-04-04T06:50:38.971Z","v":0}
{"name":"hexo","hostname":"DESKTOP-JNOR3KN","pid":14072,"level":20,"msg":"Processed: source/img/random/material-7.png","time":"2017-04-04T06:50:38.971Z","v":0}
{"name":"hexo","hostname":"DESKTOP-JNOR3KN","pid":14072,"level":20,"msg":"Processed: layout/_partial/Paradox-post-info.ejs","time":"2017-04-04T06:50:39.028Z","v":0}
{"name":"hexo","hostname":"DESKTOP-JNOR3KN","pid":14072,"level":20,"msg":"Processed: layout/_partial/Isolation-post_entry.ejs","time":"2017-04-04T06:50:39.028Z","v":0}
{"name":"hexo","hostname":"DESKTOP-JNOR3KN","pid":14072,"level":20,"msg":"Processed: layout/_partial/Paradox-post-thumbnail.ejs","time":"2017-04-04T06:50:39.028Z","v":0}
{"name":"hexo","hostname":"DESKTOP-JNOR3KN","pid":14072,"level":20,"msg":"Processed: layout/_partial/Paradox-post_entry-thumbnail.ejs","time":"2017-04-04T06:50:39.028Z","v":0}
{"name":"hexo","hostname":"DESKTOP-JNOR3KN","pid":14072,"level":20,"msg":"Processed: layout/_partial/Paradox-post_entry.ejs","time":"2017-04-04T06:50:39.028Z","v":0}
{"name":"hexo","hostname":"DESKTOP-JNOR3KN","pid":14072,"level":20,"msg":"Processed: layout/_partial/Paradox-search.ejs","time":"2017-04-04T06:50:39.028Z","v":0}
{"name":"hexo","hostname":"DESKTOP-JNOR3KN","pid":14072,"level":20,"msg":"Processed: layout/_partial/comment.ejs","time":"2017-04-04T06:50:39.028Z","v":0}
{"name":"hexo","hostname":"DESKTOP-JNOR3KN","pid":14072,"level":20,"msg":"Processed: layout/_partial/blog_info.ejs","time":"2017-04-04T06:50:39.028Z","v":0}
{"name":"hexo","hostname":"DESKTOP-JNOR3KN","pid":14072,"level":20,"msg":"Processed: layout/_partial/config_css.ejs","time":"2017-04-04T06:50:39.028Z","v":0}
{"name":"hexo","hostname":"DESKTOP-JNOR3KN","pid":14072,"level":20,"msg":"Processed: layout/_partial/daily_pic.ejs","time":"2017-04-04T06:50:39.028Z","v":0}
{"name":"hexo","hostname":"DESKTOP-JNOR3KN","pid":14072,"level":20,"msg":"Processed: layout/_partial/footer-left.ejs","time":"2017-04-04T06:50:39.028Z","v":0}
{"name":"hexo","hostname":"DESKTOP-JNOR3KN","pid":14072,"level":20,"msg":"Processed: layout/_partial/footer-option.ejs","time":"2017-04-04T06:50:39.028Z","v":0}
{"name":"hexo","hostname":"DESKTOP-JNOR3KN","pid":14072,"level":20,"msg":"Processed: layout/_partial/footer.ejs","time":"2017-04-04T06:50:39.028Z","v":0}
{"name":"hexo","hostname":"DESKTOP-JNOR3KN","pid":14072,"level":20,"msg":"Processed: layout/_partial/footer_top.ejs","time":"2017-04-04T06:50:39.028Z","v":0}
{"name":"hexo","hostname":"DESKTOP-JNOR3KN","pid":14072,"level":20,"msg":"Processed: layout/_partial/head.ejs","time":"2017-04-04T06:50:39.028Z","v":0}
{"name":"hexo","hostname":"DESKTOP-JNOR3KN","pid":14072,"level":20,"msg":"Processed: layout/_partial/import_js.ejs","time":"2017-04-04T06:50:39.028Z","v":0}
{"name":"hexo","hostname":"DESKTOP-JNOR3KN","pid":14072,"level":20,"msg":"Processed: layout/_partial/isolate-sns_list.ejs","time":"2017-04-04T06:50:39.028Z","v":0}
{"name":"hexo","hostname":"DESKTOP-JNOR3KN","pid":14072,"level":20,"msg":"Processed: layout/_partial/isolate_info.ejs","time":"2017-04-04T06:50:39.028Z","v":0}
{"name":"hexo","hostname":"DESKTOP-JNOR3KN","pid":14072,"level":20,"msg":"Processed: layout/_partial/post-content.ejs","time":"2017-04-04T06:50:39.029Z","v":0}
{"name":"hexo","hostname":"DESKTOP-JNOR3KN","pid":14072,"level":20,"msg":"Processed: layout/_partial/post-header.ejs","time":"2017-04-04T06:50:39.029Z","v":0}
{"name":"hexo","hostname":"DESKTOP-JNOR3KN","pid":14072,"level":20,"msg":"Processed: layout/_partial/post-info-share.ejs","time":"2017-04-04T06:50:39.029Z","v":0}
{"name":"hexo","hostname":"DESKTOP-JNOR3KN","pid":14072,"level":20,"msg":"Processed: layout/_partial/post-nav.ejs","time":"2017-04-04T06:50:39.029Z","v":0}
{"name":"hexo","hostname":"DESKTOP-JNOR3KN","pid":14072,"level":20,"msg":"Processed: layout/_partial/sidebar-footer.ejs","time":"2017-04-04T06:50:39.029Z","v":0}
{"name":"hexo","hostname":"DESKTOP-JNOR3KN","pid":14072,"level":20,"msg":"Processed: layout/_partial/sidebar-footer_image.ejs","time":"2017-04-04T06:50:39.029Z","v":0}
{"name":"hexo","hostname":"DESKTOP-JNOR3KN","pid":14072,"level":20,"msg":"Processed: layout/_partial/sidebar-header.ejs","time":"2017-04-04T06:50:39.029Z","v":0}
{"name":"hexo","hostname":"DESKTOP-JNOR3KN","pid":14072,"level":20,"msg":"Processed: layout/_partial/sidebar-navigation.ejs","time":"2017-04-04T06:50:39.029Z","v":0}
{"name":"hexo","hostname":"DESKTOP-JNOR3KN","pid":14072,"level":20,"msg":"Processed: layout/_partial/toc_button.ejs","time":"2017-04-04T06:50:39.029Z","v":0}
{"name":"hexo","hostname":"DESKTOP-JNOR3KN","pid":14072,"level":20,"msg":"Processed: layout/_partial/sidebar.ejs","time":"2017-04-04T06:50:39.030Z","v":0}
{"name":"hexo","hostname":"DESKTOP-JNOR3KN","pid":14072,"level":20,"msg":"Processed: layout/_widget/changyan.ejs","time":"2017-04-04T06:50:39.030Z","v":0}
{"name":"hexo","hostname":"DESKTOP-JNOR3KN","pid":14072,"level":20,"msg":"Processed: layout/_widget/disqus.ejs","time":"2017-04-04T06:50:39.030Z","v":0}
{"name":"hexo","hostname":"DESKTOP-JNOR3KN","pid":14072,"level":20,"msg":"Processed: layout/_widget/disqus_click.ejs","time":"2017-04-04T06:50:39.030Z","v":0}
{"name":"hexo","hostname":"DESKTOP-JNOR3KN","pid":14072,"level":20,"msg":"Processed: layout/_widget/leancloud-like.ejs","time":"2017-04-04T06:50:39.030Z","v":0}
{"name":"hexo","hostname":"DESKTOP-JNOR3KN","pid":14072,"level":20,"msg":"Processed: layout/_widget/duoshuo.ejs","time":"2017-04-04T06:50:39.030Z","v":0}
{"name":"hexo","hostname":"DESKTOP-JNOR3KN","pid":14072,"level":20,"msg":"Processed: layout/_widget/leancloud-views.ejs","time":"2017-04-04T06:50:39.030Z","v":0}
{"name":"hexo","hostname":"DESKTOP-JNOR3KN","pid":14072,"level":20,"msg":"Processed: layout/_widget/leancloud-views_num.ejs","time":"2017-04-04T06:50:39.030Z","v":0}
{"name":"hexo","hostname":"DESKTOP-JNOR3KN","pid":14072,"level":20,"msg":"Processed: layout/_widget/mathjax.ejs","time":"2017-04-04T06:50:39.030Z","v":0}
{"name":"hexo","hostname":"DESKTOP-JNOR3KN","pid":14072,"level":20,"msg":"Processed: layout/_widget/nprogress.ejs","time":"2017-04-04T06:50:39.030Z","v":0}
{"name":"hexo","hostname":"DESKTOP-JNOR3KN","pid":14072,"level":20,"msg":"Processed: layout/_widget/page-gallery.ejs","time":"2017-04-04T06:50:39.030Z","v":0}
{"name":"hexo","hostname":"DESKTOP-JNOR3KN","pid":14072,"level":20,"msg":"Processed: layout/_widget/page-timeline.ejs","time":"2017-04-04T06:50:39.030Z","v":0}
{"name":"hexo","hostname":"DESKTOP-JNOR3KN","pid":14072,"level":20,"msg":"Processed: layout/_widget/page-tagcloud.ejs","time":"2017-04-04T06:50:39.030Z","v":0}
{"name":"hexo","hostname":"DESKTOP-JNOR3KN","pid":14072,"level":20,"msg":"Processed: layout/_widget/page-links.ejs","time":"2017-04-04T06:50:39.031Z","v":0}
{"name":"hexo","hostname":"DESKTOP-JNOR3KN","pid":14072,"level":20,"msg":"Processed: layout/_widget/search-local-js.ejs","time":"2017-04-04T06:50:39.031Z","v":0}
{"name":"hexo","hostname":"DESKTOP-JNOR3KN","pid":14072,"level":20,"msg":"Processed: layout/_widget/search-swiftype-js.ejs","time":"2017-04-04T06:50:39.031Z","v":0}
{"name":"hexo","hostname":"DESKTOP-JNOR3KN","pid":14072,"level":20,"msg":"Processed: source/fonts/fontawesome-webfont.svg","time":"2017-04-04T06:50:39.033Z","v":0}
{"name":"hexo","hostname":"DESKTOP-JNOR3KN","pid":14072,"level":20,"msg":"Processed: source/fonts/Roboto-Black.ttf","time":"2017-04-04T06:50:39.037Z","v":0}
{"name":"hexo","hostname":"DESKTOP-JNOR3KN","pid":14072,"level":20,"msg":"Processed: source/fonts/Roboto-Bold.ttf","time":"2017-04-04T06:50:39.038Z","v":0}
{"name":"hexo","hostname":"DESKTOP-JNOR3KN","pid":14072,"level":20,"msg":"Processed: source/fonts/Roboto-Light.ttf","time":"2017-04-04T06:50:39.038Z","v":0}
{"name":"hexo","hostname":"DESKTOP-JNOR3KN","pid":14072,"level":20,"msg":"Processed: source/fonts/Roboto-Medium.ttf","time":"2017-04-04T06:50:39.039Z","v":0}
{"name":"hexo","hostname":"DESKTOP-JNOR3KN","pid":14072,"level":20,"msg":"Processed: source/fonts/Roboto-Regular.ttf","time":"2017-04-04T06:50:39.040Z","v":0}
{"name":"hexo","hostname":"DESKTOP-JNOR3KN","pid":14072,"level":20,"msg":"Processed: source/fonts/Roboto-Thin.ttf","time":"2017-04-04T06:50:39.040Z","v":0}
{"name":"hexo","hostname":"DESKTOP-JNOR3KN","pid":14072,"level":20,"msg":"Generator: page","time":"2017-04-04T06:50:39.393Z","v":0}
{"name":"hexo","hostname":"DESKTOP-JNOR3KN","pid":14072,"level":20,"msg":"Generator: post","time":"2017-04-04T06:50:39.393Z","v":0}
{"name":"hexo","hostname":"DESKTOP-JNOR3KN","pid":14072,"level":20,"msg":"Generator: category","time":"2017-04-04T06:50:39.393Z","v":0}
{"name":"hexo","hostname":"DESKTOP-JNOR3KN","pid":14072,"level":20,"msg":"Generator: index","time":"2017-04-04T06:50:39.393Z","v":0}
{"name":"hexo","hostname":"DESKTOP-JNOR3KN","pid":14072,"level":20,"msg":"Generator: archive","time":"2017-04-04T06:50:39.393Z","v":0}
{"name":"hexo","hostname":"DESKTOP-JNOR3KN","pid":14072,"level":20,"msg":"Generator: tag","time":"2017-04-04T06:50:39.393Z","v":0}
{"name":"hexo","hostname":"DESKTOP-JNOR3KN","pid":14072,"level":20,"msg":"Generator: asset","time":"2017-04-04T06:50:39.395Z","v":0}
{"name":"hexo","hostname":"DESKTOP-JNOR3KN","pid":14072,"level":30,"msg":"Hexo is running at http://localhost:5000/. Press Ctrl+C to stop.","time":"2017-04-04T06:50:39.405Z","v":0}
{"name":"hexo","hostname":"DESKTOP-JNOR3KN","pid":14072,"level":20,"msg":"Database saved","time":"2017-04-04T06:50:39.436Z","v":0}
{"name":"hexo","hostname":"DESKTOP-JNOR3KN","pid":14072,"level":20,"msg":"Rendering index: index.html","time":"2017-04-04T06:50:43.563Z","v":0}
{"name":"hexo","hostname":"DESKTOP-JNOR3KN","pid":14072,"level":20,"msg":"Rendering post: 2017/04/04/JSc/index.html","time":"2017-04-04T06:51:00.202Z","v":0}
